<?xml version="1.0" encoding="UTF-8"?>
<!-- Generated by org.testng.reporters.JUnitReportReporter -->
<testsuite hostname="DESKTOP-QJI8CSA" failures="0" tests="1" name="test_cases.Dashboard_Page" time="3.494" errors="0" timestamp="2021-08-04T21:41:06 IST" skipped="0">
  <testcase classname="test_cases.Dashboard_Page" name="verifyLogOut" time="3.494"/>
  <system-out/>
</testsuite> <!-- test_cases.Dashboard_Page -->
