<?xml version="1.0" encoding="UTF-8"?>
<!-- Generated by org.testng.reporters.JUnitReportReporter -->
<testsuite hostname="DESKTOP-QJI8CSA" failures="0" tests="1" name="test_cases.Login_Page" time="3.596" errors="0" timestamp="2021-08-03T18:42:00 IST" skipped="0">
  <testcase classname="test_cases.Login_Page" name="VerifyIAlreadyHaveaMembership" time="3.596"/>
  <system-out/>
</testsuite> <!-- test_cases.Login_Page -->
